<?xml version="1.0" encoding="UTF-8"?>
<!-- Generated by org.testng.reporters.JUnitReportReporter -->
<testsuite skipped="0" hostname="MQ878-XX" name="seleniumlabs.pom.driver.AdventureTours" tests="1" failures="0" timestamp="24 Nov 2020 21:23:50 GMT" time="10.648" errors="0">
  <testcase name="bookFlight" time="10.648" classname="seleniumlabs.pom.driver.AdventureTours"/>
</testsuite> <!-- seleniumlabs.pom.driver.AdventureTours -->
